<?xml version="1.0" encoding="UTF-8"?>
<testng-results ignored="0" total="8" passed="8" failed="0" skipped="0">
  <reporter-output>
  </reporter-output>
  <suite started-at="2026-05-06T22:04:00 TRT" name="Surefire suite" finished-at="2026-05-06T22:04:01 TRT" duration-ms="1475">
    <groups>
      <group name="cucumber">
        <method signature="AbstractTestNGCucumberTests.runScenario(io.cucumber.testng.PickleWrapper,io.cucumber.testng.FeatureWrapper)[pri:0, instance:com.asim.qa.runners.ApiTestRunner@6253c26]" name="runScenario" class="io.cucumber.testng.AbstractTestNGCucumberTests"/>
      </group> <!-- cucumber -->
    </groups>
    <test started-at="2026-05-06T22:04:00 TRT" name="Surefire test" finished-at="2026-05-06T22:04:01 TRT" duration-ms="1475">
      <class name="com.asim.qa.runners.ApiTestRunner">
        <test-method is-config="true" signature="setUpClass(org.testng.ITestContext)[pri:0, instance:com.asim.qa.runners.ApiTestRunner@6253c26]" started-at="2026-05-06T22:04:00 TRT" name="setUpClass" finished-at="2026-05-06T22:04:00 TRT" duration-ms="426" status="PASS">
          <params>
            <param index="0">
              <value>
                <![CDATA[org.testng.TestRunner@ca0a21f]]>
              </value>
            </param>
          </params>
          <reporter-output>
          </reporter-output>
        </test-method> <!-- setUpClass -->
        <test-method is-config="true" signature="cleanAllure()[pri:0, instance:com.asim.qa.runners.ApiTestRunner@6253c26]" started-at="2026-05-06T22:04:00 TRT" name="cleanAllure" finished-at="2026-05-06T22:04:00 TRT" duration-ms="1" status="PASS">
          <reporter-output>
          </reporter-output>
        </test-method> <!-- cleanAllure -->
        <test-method signature="runScenario(io.cucumber.testng.PickleWrapper,io.cucumber.testng.FeatureWrapper)[pri:0, instance:com.asim.qa.runners.ApiTestRunner@6253c26]" started-at="2026-05-06T22:04:00 TRT" name="runScenario" description="Runs Cucumber Scenarios" data-provider="scenarios" finished-at="2026-05-06T22:04:01 TRT" duration-ms="590" status="PASS">
          <params>
            <param index="0">
              <value>
                <![CDATA["Get post successfully"]]>
              </value>
            </param>
            <param index="1">
              <value>
                <![CDATA["API Tests"]]>
              </value>
            </param>
          </params>
          <reporter-output>
          </reporter-output>
        </test-method> <!-- runScenario -->
        <test-method signature="runScenario(io.cucumber.testng.PickleWrapper,io.cucumber.testng.FeatureWrapper)[pri:0, instance:com.asim.qa.runners.ApiTestRunner@6253c26]" started-at="2026-05-06T22:04:01 TRT" name="runScenario" description="Runs Cucumber Scenarios" data-provider="scenarios" finished-at="2026-05-06T22:04:01 TRT" duration-ms="98" status="PASS">
          <params>
            <param index="0">
              <value>
                <![CDATA["Create post successfully"]]>
              </value>
            </param>
            <param index="1">
              <value>
                <![CDATA["API Tests"]]>
              </value>
            </param>
          </params>
          <reporter-output>
          </reporter-output>
        </test-method> <!-- runScenario -->
        <test-method signature="runScenario(io.cucumber.testng.PickleWrapper,io.cucumber.testng.FeatureWrapper)[pri:0, instance:com.asim.qa.runners.ApiTestRunner@6253c26]" started-at="2026-05-06T22:04:01 TRT" name="runScenario" description="Runs Cucumber Scenarios" data-provider="scenarios" finished-at="2026-05-06T22:04:01 TRT" duration-ms="29" status="PASS">
          <params>
            <param index="0">
              <value>
                <![CDATA["Create post should fail when title is missing"]]>
              </value>
            </param>
            <param index="1">
              <value>
                <![CDATA["API Tests"]]>
              </value>
            </param>
          </params>
          <reporter-output>
          </reporter-output>
        </test-method> <!-- runScenario -->
        <test-method signature="runScenario(io.cucumber.testng.PickleWrapper,io.cucumber.testng.FeatureWrapper)[pri:0, instance:com.asim.qa.runners.ApiTestRunner@6253c26]" started-at="2026-05-06T22:04:01 TRT" name="runScenario" description="Runs Cucumber Scenarios" data-provider="scenarios" finished-at="2026-05-06T22:04:01 TRT" duration-ms="25" status="PASS">
          <params>
            <param index="0">
              <value>
                <![CDATA["Create post with json file"]]>
              </value>
            </param>
            <param index="1">
              <value>
                <![CDATA["API Tests"]]>
              </value>
            </param>
          </params>
          <reporter-output>
          </reporter-output>
        </test-method> <!-- runScenario -->
        <test-method signature="runScenario(io.cucumber.testng.PickleWrapper,io.cucumber.testng.FeatureWrapper)[pri:0, instance:com.asim.qa.runners.ApiTestRunner@6253c26]" started-at="2026-05-06T22:04:01 TRT" name="runScenario" description="Runs Cucumber Scenarios" data-provider="scenarios" finished-at="2026-05-06T22:04:01 TRT" duration-ms="64" status="PASS">
          <params>
            <param index="0">
              <value>
                <![CDATA["Create post with dynamic json body"]]>
              </value>
            </param>
            <param index="1">
              <value>
                <![CDATA["API Tests"]]>
              </value>
            </param>
          </params>
          <reporter-output>
          </reporter-output>
        </test-method> <!-- runScenario -->
        <test-method signature="runScenario(io.cucumber.testng.PickleWrapper,io.cucumber.testng.FeatureWrapper)[pri:0, instance:com.asim.qa.runners.ApiTestRunner@6253c26]" started-at="2026-05-06T22:04:01 TRT" name="runScenario" description="Runs Cucumber Scenarios" data-provider="scenarios" finished-at="2026-05-06T22:04:01 TRT" duration-ms="152" status="PASS">
          <params>
            <param index="0">
              <value>
                <![CDATA["Create post with nested json field"]]>
              </value>
            </param>
            <param index="1">
              <value>
                <![CDATA["API Tests"]]>
              </value>
            </param>
          </params>
          <reporter-output>
          </reporter-output>
        </test-method> <!-- runScenario -->
        <test-method signature="runScenario(io.cucumber.testng.PickleWrapper,io.cucumber.testng.FeatureWrapper)[pri:0, instance:com.asim.qa.runners.ApiTestRunner@6253c26]" started-at="2026-05-06T22:04:01 TRT" name="runScenario" description="Runs Cucumber Scenarios" data-provider="scenarios" finished-at="2026-05-06T22:04:01 TRT" duration-ms="38" status="PASS">
          <params>
            <param index="0">
              <value>
                <![CDATA["Generic POST request test"]]>
              </value>
            </param>
            <param index="1">
              <value>
                <![CDATA["API Tests"]]>
              </value>
            </param>
          </params>
          <reporter-output>
          </reporter-output>
        </test-method> <!-- runScenario -->
        <test-method signature="runScenario(io.cucumber.testng.PickleWrapper,io.cucumber.testng.FeatureWrapper)[pri:0, instance:com.asim.qa.runners.ApiTestRunner@6253c26]" started-at="2026-05-06T22:04:01 TRT" name="runScenario" description="Runs Cucumber Scenarios" data-provider="scenarios" finished-at="2026-05-06T22:04:01 TRT" duration-ms="18" status="PASS">
          <params>
            <param index="0">
              <value>
                <![CDATA["Generic GET request test"]]>
              </value>
            </param>
            <param index="1">
              <value>
                <![CDATA["API Tests"]]>
              </value>
            </param>
          </params>
          <reporter-output>
          </reporter-output>
        </test-method> <!-- runScenario -->
        <test-method is-config="true" signature="tearDownClass()[pri:0, instance:com.asim.qa.runners.ApiTestRunner@6253c26]" started-at="2026-05-06T22:04:01 TRT" name="tearDownClass" finished-at="2026-05-06T22:04:01 TRT" duration-ms="20" status="PASS">
          <reporter-output>
          </reporter-output>
        </test-method> <!-- tearDownClass -->
      </class> <!-- com.asim.qa.runners.ApiTestRunner -->
    </test> <!-- Surefire test -->
  </suite> <!-- Surefire suite -->
</testng-results>
