<?xml version="1.0" encoding="UTF-8"?>
<testsuite xmlns:xsi="http://www.w3.org/2001/XMLSchema-instance" xsi:noNamespaceSchemaLocation="https://maven.apache.org/surefire/maven-surefire-plugin/xsd/surefire-test-report.xsd" version="3.0.2" name="com.asim.qa.runners.ApiTestRunner" time="1.651" tests="8" errors="0" skipped="0" failures="0">
  <properties>
[...]
</properties>
  <testcase name="runScenario[&quot;Get post successfully&quot;, &quot;API Tests&quot;](1)" classname="com.asim.qa.runners.ApiTestRunner" time="0.592">
    <system-out><![CDATA[✅ Mock Server started on port 9090
🧹 Allure results cleaned before test run
🧹 Allure results cleaned before test run

@dev @mock
Scenario: Get post successfully                 # src/test/resources/features/api/api.feature:4
🔹 Request State        : cleared before scenario

==================================================
🚀 Base URL
==================================================
🔹 URL                  : http://localhost:9090
  Given base url is configured                  # com.asim.qa.stepdefinitions.ApiSteps.base_url_is_configured()

==================================================
🚀 GET Request
==================================================
🔹 Endpoint             : /posts/1
🔹 Headers              : {Content-Type=application/json}
🔹 Status Code          : 200
🔹 Response Time        : 98 ms
--------------------------------------------------
{
    "id": 1,
    "userId": 99,
    "title": "mock server response updated",
    "body": "this response comes from wiremock"
}
--------------------------------------------------
  When user sends GET request to "/posts/1"     # com.asim.qa.stepdefinitions.ApiSteps.user_sends_get_request_to(java.lang.String)
🔹 Field                : statusCode
🔹 Expected             : 200
🔹 Actual               : 200
✅ Status code doğrulandı
  Then response status code should be 200       # com.asim.qa.stepdefinitions.ApiSteps.response_status_code_should_be(java.lang.Integer)
🔹 Field                : id
🔹 Expected             : 1
🔹 Actual               : 1
✅ id doğrulandı
  And response field "id" should be "1"         # com.asim.qa.stepdefinitions.ApiSteps.response_field_should_be(java.lang.String,java.lang.String)
🔹 Field                : userId
🔹 Expected             : 99
🔹 Actual               : 99
✅ userId doğrulandı
  And response field "userId" should be "99"    # com.asim.qa.stepdefinitions.ApiSteps.response_field_should_be(java.lang.String,java.lang.String)
🔹 Field                : title
🔹 Expected             : NOT NULL
🔹 Actual               : mock server response updated
✅ title null değil
  And response field "title" should not be null # com.asim.qa.stepdefinitions.ApiSteps.response_field_should_not_be_null(java.lang.String)
]]></system-out>
  </testcase>
  <testcase name="runScenario[&quot;Create post successfully&quot;, &quot;API Tests&quot;](2)" classname="com.asim.qa.runners.ApiTestRunner" time="0.1">
    <system-out><![CDATA[
@mock
Scenario: Create post successfully                   # src/test/resources/features/api/api.feature:13
🔹 Request State        : cleared before scenario

==================================================
🚀 Base URL
==================================================
🔹 URL                  : http://localhost:9090
  Given base url is configured                       # com.asim.qa.stepdefinitions.ApiSteps.base_url_is_configured()

==================================================
🚀 POST Request
==================================================
🔹 Endpoint             : /posts
🔹 Headers              : {Content-Type=application/json}
🔹 Status Code          : 201
🔹 Response Time        : 64 ms
--------------------------------------------------
{
    "id": 101,
    "title": "test title",
    "body": "test body",
    "userId": "99",
    "customerName": "",
    "error": null,
    "items": [
        {
            "id": 1,
            "name": "first item"
        },
        {
            "id": 2,
            "name": "second item"
        },
        {
            "id": 3,
            "name": "third item"
        }
    ]
}
--------------------------------------------------
  When user sends POST request to "/posts" with body # com.asim.qa.stepdefinitions.ApiSteps.user_sends_post_request_to_with_body(java.lang.String,java.lang.String)
🔹 Field                : statusCode
🔹 Expected             : 201
🔹 Actual               : 201
✅ Status code doğrulandı
  Then response status code should be 201            # com.asim.qa.stepdefinitions.ApiSteps.response_status_code_should_be(java.lang.Integer)
🔹 Field                : id
🔹 Expected             : 101
🔹 Actual               : 101
✅ id doğrulandı
  And response field "id" should be "101"            # com.asim.qa.stepdefinitions.ApiSteps.response_field_should_be(java.lang.String,java.lang.String)
🔹 Field                : userId
🔹 Expected             : 99
🔹 Actual               : 99
✅ userId doğrulandı
  And response field "userId" should be "99"         # com.asim.qa.stepdefinitions.ApiSteps.response_field_should_be(java.lang.String,java.lang.String)
🔹 Field                : title
🔹 Expected             : NOT NULL
🔹 Actual               : test title
✅ title null değil
  And response field "title" should not be null      # com.asim.qa.stepdefinitions.ApiSteps.response_field_should_not_be_null(java.lang.String)
]]></system-out>
  </testcase>
  <testcase name="runScenario[&quot;Create post should fail when title is missing&quot;, &quot;API Tests&quot;](3)" classname="com.asim.qa.runners.ApiTestRunner" time="0.026">
    <system-out><![CDATA[
@mock
Scenario: Create post should fail when title is missing    # src/test/resources/features/api/api.feature:29
🔹 Request State        : cleared before scenario

==================================================
🚀 Base URL
==================================================
🔹 URL                  : http://localhost:9090
  Given base url is configured                             # com.asim.qa.stepdefinitions.ApiSteps.base_url_is_configured()

==================================================
🚀 POST Request
==================================================
🔹 Endpoint             : /posts
🔹 Headers              : {Content-Type=application/json}
🔹 Status Code          : 400
🔹 Response Time        : 5 ms
--------------------------------------------------
{
    "error": "title is required",
    "code": "VALIDATION_ERROR"
}
--------------------------------------------------
  When user sends POST request to "/posts" with body       # com.asim.qa.stepdefinitions.ApiSteps.user_sends_post_request_to_with_body(java.lang.String,java.lang.String)
🔹 Field                : statusCode
🔹 Expected             : 400
🔹 Actual               : 400
✅ Status code doğrulandı
  Then response status code should be 400                  # com.asim.qa.stepdefinitions.ApiSteps.response_status_code_should_be(java.lang.Integer)
🔹 Field                : error
🔹 Expected             : title is required
🔹 Actual               : title is required
✅ error doğrulandı
  And response field "error" should be "title is required" # com.asim.qa.stepdefinitions.ApiSteps.response_field_should_be(java.lang.String,java.lang.String)
🔹 Field                : code
🔹 Expected             : VALIDATION_ERROR
🔹 Actual               : VALIDATION_ERROR
✅ code doğrulandı
  And response field "code" should be "VALIDATION_ERROR"   # com.asim.qa.stepdefinitions.ApiSteps.response_field_should_be(java.lang.String,java.lang.String)
]]></system-out>
  </testcase>
  <testcase name="runScenario[&quot;Create post with json file&quot;, &quot;API Tests&quot;](4)" classname="com.asim.qa.runners.ApiTestRunner" time="0.025">
    <system-out><![CDATA[
@mock
Scenario: Create post with json file                                         # src/test/resources/features/api/api.feature:43
🔹 Request State        : cleared before scenario

==================================================
🚀 Base URL
==================================================
🔹 URL                  : http://localhost:9090
  Given base url is configured                                               # com.asim.qa.stepdefinitions.ApiSteps.base_url_is_configured()

==================================================
🚀 POST Request From File
==================================================
🔹 Endpoint             : /posts
🔹 Headers              : {Content-Type=application/json}
🔹 Status Code          : 201
🔹 Response Time        : 6 ms
--------------------------------------------------
{
    "id": 101,
    "title": "mock title",
    "body": "test body",
    "userId": "99",
    "customerName": "",
    "error": null,
    "items": [
        {
            "id": 1,
            "name": "first item"
        },
        {
            "id": 2,
            "name": "second item"
        },
        {
            "id": 3,
            "name": "third item"
        }
    ]
}
--------------------------------------------------
  When user sends POST request to "/posts" with json file "create-post.json" # com.asim.qa.stepdefinitions.ApiSteps.user_sends_post_request_to_with_json_file(java.lang.String,java.lang.String)
🔹 Field                : statusCode
🔹 Expected             : 201
🔹 Actual               : 201
✅ Status code doğrulandı
  Then response status code should be 201                                    # com.asim.qa.stepdefinitions.ApiSteps.response_status_code_should_be(java.lang.Integer)
🔹 Field                : userId
🔹 Expected             : 99
🔹 Actual               : 99
✅ userId doğrulandı
  And response field "userId" should be "99"                                 # com.asim.qa.stepdefinitions.ApiSteps.response_field_should_be(java.lang.String,java.lang.String)
🔹 Field                : title
🔹 Expected             : NOT NULL
🔹 Actual               : mock title
✅ title null değil
  And response field "title" should not be null                              # com.asim.qa.stepdefinitions.ApiSteps.response_field_should_not_be_null(java.lang.String)
]]></system-out>
  </testcase>
  <testcase name="runScenario[&quot;Create post with dynamic json body&quot;, &quot;API Tests&quot;](5)" classname="com.asim.qa.runners.ApiTestRunner" time="0.062">
    <system-out><![CDATA[
@mock
Scenario: Create post with dynamic json body                     # src/test/resources/features/api/api.feature:51
🔹 Request State        : cleared before scenario

==================================================
🚀 Base URL
==================================================
🔹 URL                  : http://localhost:9090
  Given base url is configured                                   # com.asim.qa.stepdefinitions.ApiSteps.base_url_is_configured()

==================================================
🚀 JSON Loaded
==================================================
🔹 File                 : create-post.json
  When user loads json file "create-post.json"                   # com.asim.qa.stepdefinitions.ApiSteps.user_loads_json_file(java.lang.String)
🔹 Updated Field        : title
🔹 New Value            : Asim Dynamic Title
  And user updates request field "title" as "Asim Dynamic Title" # com.asim.qa.stepdefinitions.ApiSteps.user_updates_request_field_as(java.lang.String,java.lang.String)
🔹 Updated Field        : userId
🔹 New Value            : 777
  And user updates request field "userId" as "777"               # com.asim.qa.stepdefinitions.ApiSteps.user_updates_request_field_as(java.lang.String,java.lang.String)

==================================================
🚀 POST Request
==================================================
🔹 Endpoint             : /posts
🔹 Headers              : {Content-Type=application/json}
🔹 Status Code          : 201
🔹 Response Time        : 4 ms
--------------------------------------------------
{
    "id": 101,
    "title": "Asim Dynamic Title",
    "body": "test body",
    "userId": "777",
    "customerName": "",
    "error": null,
    "items": [
        {
            "id": 1,
            "name": "first item"
        },
        {
            "id": 2,
            "name": "second item"
        },
        {
            "id": 3,
            "name": "third item"
        }
    ]
}
--------------------------------------------------
  And user sends POST request to "/posts" with loaded body       # com.asim.qa.stepdefinitions.ApiSteps.user_sends_post_request_to_with_loaded_body(java.lang.String)
🔹 Field                : statusCode
🔹 Expected             : 201
🔹 Actual               : 201
✅ Status code doğrulandı
  Then response status code should be 201                        # com.asim.qa.stepdefinitions.ApiSteps.response_status_code_should_be(java.lang.Integer)
🔹 Field                : userId
🔹 Expected             : 777
🔹 Actual               : 777
✅ userId doğrulandı
  And response field "userId" should be "777"                    # com.asim.qa.stepdefinitions.ApiSteps.response_field_should_be(java.lang.String,java.lang.String)
🔹 Field                : title
🔹 Expected             : Asim Dynamic Title
🔹 Actual               : Asim Dynamic Title
✅ title doğrulandı
  And response field "title" should be "Asim Dynamic Title"      # com.asim.qa.stepdefinitions.ApiSteps.response_field_should_be(java.lang.String,java.lang.String)
]]></system-out>
  </testcase>
  <testcase name="runScenario[&quot;Create post with nested json field&quot;, &quot;API Tests&quot;](6)" classname="com.asim.qa.runners.ApiTestRunner" time="0.151">
    <system-out><![CDATA[
@mock
Scenario: Create post with nested json field                               # src/test/resources/features/api/api.feature:62
🔹 Request State        : cleared before scenario

==================================================
🚀 Base URL
==================================================
🔹 URL                  : http://localhost:9090
  Given base url is configured                                             # com.asim.qa.stepdefinitions.ApiSteps.base_url_is_configured()
🔹 Header Added         : client-id = mobile
  And user adds header "client-id" as "mobile"                             # com.asim.qa.stepdefinitions.ApiSteps.user_adds_header_as(java.lang.String,java.lang.String)
🔹 Header Added         : Authorization = Bearer test-token
  And user adds header "Authorization" as "Bearer test-token"              # com.asim.qa.stepdefinitions.ApiSteps.user_adds_header_as(java.lang.String,java.lang.String)

==================================================
🚀 JSON Loaded
==================================================
🔹 File                 : create-post-nested.json
  When user loads json file "create-post-nested.json"                      # com.asim.qa.stepdefinitions.ApiSteps.user_loads_json_file(java.lang.String)
🔹 Updated Field        : customer.profile.name
🔹 New Value            : Asim Basaran
  And user updates request field "customer.profile.name" as "Asim Basaran" # com.asim.qa.stepdefinitions.ApiSteps.user_updates_request_field_as(java.lang.String,java.lang.String)

==================================================
🚀 POST Request
==================================================
🔹 Endpoint             : /posts
🔹 Headers              : {Authorization=Bearer test-token, client-id=mobile, Content-Type=application/json}
🔹 Status Code          : 201
🔹 Response Time        : 4 ms
--------------------------------------------------
{
    "id": 101,
    "title": "mock title",
    "body": "test body",
    "userId": "99",
    "customerName": "Asim Basaran",
    "error": null,
    "items": [
        {
            "id": 1,
            "name": "first item"
        },
        {
            "id": 2,
            "name": "second item"
        },
        {
            "id": 3,
            "name": "third item"
        }
    ]
}
--------------------------------------------------
  And user sends POST request to "/posts" with loaded body                 # com.asim.qa.stepdefinitions.ApiSteps.user_sends_post_request_to_with_loaded_body(java.lang.String)
🔹 Field                : statusCode
🔹 Expected             : 201
🔹 Actual               : 201
✅ Status code doğrulandı
  Then response status code should be 201                                  # com.asim.qa.stepdefinitions.ApiSteps.response_status_code_should_be(java.lang.Integer)
🔹 Field                : customerName
🔹 Expected             : Asim Basaran
🔹 Actual               : Asim Basaran
✅ customerName doğrulandı
  And response field "customerName" should be "Asim Basaran"               # com.asim.qa.stepdefinitions.ApiSteps.response_field_should_be(java.lang.String,java.lang.String)
🔹 Field                : customerName
🔹 Expected Contains    : Asim
🔹 Actual               : Asim Basaran
✅ customerName contains doğrulandı
  And response field "customerName" should contain "Asim"                  # com.asim.qa.stepdefinitions.ApiSteps.response_field_should_contain(java.lang.String,java.lang.String)
🔹 Field                : responseTime
🔹 Expected             : < 1000 ms
🔹 Actual               : 4 ms
✅ Response time doğrulandı
  And response time should be less than 1000 ms                            # com.asim.qa.stepdefinitions.ApiSteps.response_time_should_be_less_than_ms(java.lang.Integer)
🔹 Field                : items
🔹 Expected Size        : 3
🔹 Actual Size          : 3
✅ items size doğrulandı
  And response array "items" size should be 3                              # com.asim.qa.stepdefinitions.ApiSteps.response_array_size_should_be(java.lang.String,java.lang.Integer)
🔹 Field                : items[0].name
🔹 Expected             : first item
🔹 Actual               : first item
✅ items[0].name doğrulandı
  And response field "items[0].name" should be "first item"                # com.asim.qa.stepdefinitions.ApiSteps.response_field_should_be(java.lang.String,java.lang.String)
🔹 Field                : items[2].id
🔹 Expected             : 3
🔹 Actual               : 3
✅ items[2].id doğrulandı
  And response field "items[2].id" should be "3"                           # com.asim.qa.stepdefinitions.ApiSteps.response_field_should_be(java.lang.String,java.lang.String)
🔹 Field                : error
🔹 Expected             : null
🔹 Actual               : null
✅ error null doğrulandı
  And response field "error" should be null                                # com.asim.qa.stepdefinitions.ApiSteps.response_field_should_be_null(java.lang.String)
🔹 Field                : customerName
🔹 Expected             : EXISTS
🔹 Actual Exists        : true
✅ customerName exists doğrulandı
  And response field "customerName" should exist                           # com.asim.qa.stepdefinitions.ApiSteps.response_field_should_exist(java.lang.String)
🔹 Field                : randomField
🔹 Expected             : NOT EXISTS
🔹 Actual Exists        : false
✅ randomField does not exist doğrulandı
  And response field "randomField" should not exist                        # com.asim.qa.stepdefinitions.ApiSteps.response_field_should_not_exist(java.lang.String)
🔹 Field                : items.name
🔹 Expected Value       : second item
🔹 Actual Values        : [first item, second item, third item]
✅ items.name array contains doğrulandı
  And response array "items.name" should contain "second item"             # com.asim.qa.stepdefinitions.ApiSteps.response_array_should_contain(java.lang.String,java.lang.String)
🔹 Field                : items.size()
🔹 Expected             : > 2
🔹 Actual               : 3
✅ Greater than doğrulandı
  And response field "items.size()" should be greater than "2"             # com.asim.qa.stepdefinitions.ApiSteps.response_field_should_be_greater_than(java.lang.String,java.lang.String)
🔹 Field                : items.size()
🔹 Expected             : < 5
🔹 Actual               : 3
✅ Less than doğrulandı
  And response field "items.size()" should be less than "5"                # com.asim.qa.stepdefinitions.ApiSteps.response_field_should_be_less_than(java.lang.String,java.lang.String)
🔹 Field                : items.id
🔹 Expected Value       : 2
🔹 Actual Values        : [1, 2, 3]
✅ items.id array contains doğrulandı
  And response array "items.id" should contain "2"                         # com.asim.qa.stepdefinitions.ApiSteps.response_array_should_contain(java.lang.String,java.lang.String)
🔹 Schema File          : schemas/create-post-schema.json
✅ JSON schema doğrulandı
  And response should match json schema "schemas/create-post-schema.json"  # com.asim.qa.stepdefinitions.ApiSteps.response_should_match_json_schema(java.lang.String)
]]></system-out>
  </testcase>
  <testcase name="runScenario[&quot;Generic POST request test&quot;, &quot;API Tests&quot;](7)" classname="com.asim.qa.runners.ApiTestRunner" time="0.04">
    <system-out><![CDATA[
@mock
Scenario: Generic POST request test                                        # src/test/resources/features/api/api.feature:86
🔹 Request State        : cleared before scenario

==================================================
🚀 Base URL
==================================================
🔹 URL                  : http://localhost:9090
  Given base url is configured                                             # com.asim.qa.stepdefinitions.ApiSteps.base_url_is_configured()
🔹 Header Added         : client-id = mobile
  And user adds header "client-id" as "mobile"                             # com.asim.qa.stepdefinitions.ApiSteps.user_adds_header_as(java.lang.String,java.lang.String)
🔹 Header Added         : Authorization = Bearer test-token
  And user adds header "Authorization" as "Bearer test-token"              # com.asim.qa.stepdefinitions.ApiSteps.user_adds_header_as(java.lang.String,java.lang.String)

==================================================
🚀 JSON Loaded
==================================================
🔹 File                 : create-post-nested.json
  When user loads json file "create-post-nested.json"                      # com.asim.qa.stepdefinitions.ApiSteps.user_loads_json_file(java.lang.String)
🔹 Updated Field        : customer.profile.name
🔹 New Value            : Asim Basaran
  And user updates request field "customer.profile.name" as "Asim Basaran" # com.asim.qa.stepdefinitions.ApiSteps.user_updates_request_field_as(java.lang.String,java.lang.String)

==================================================
🚀 POST Request
==================================================
🔹 Endpoint             : /posts
🔹 Headers              : {Authorization=Bearer test-token, client-id=mobile, Content-Type=application/json}
🔹 Status Code          : 201
🔹 Response Time        : 6 ms
--------------------------------------------------
{
    "id": 101,
    "title": "mock title",
    "body": "test body",
    "userId": "99",
    "customerName": "Asim Basaran",
    "error": null,
    "items": [
        {
            "id": 1,
            "name": "first item"
        },
        {
            "id": 2,
            "name": "second item"
        },
        {
            "id": 3,
            "name": "third item"
        }
    ]
}
--------------------------------------------------
  And user sends "POST" request to "/posts" with loaded body               # com.asim.qa.stepdefinitions.ApiSteps.user_sends_request_to_with_loaded_body(java.lang.String,java.lang.String)
🔹 Field                : statusCode
🔹 Expected             : 201
🔹 Actual               : 201
✅ Status code doğrulandı
  Then response status code should be 201                                  # com.asim.qa.stepdefinitions.ApiSteps.response_status_code_should_be(java.lang.Integer)
🔹 Field                : customerName
🔹 Expected             : Asim Basaran
🔹 Actual               : Asim Basaran
✅ customerName doğrulandı
  And response field "customerName" should be "Asim Basaran"               # com.asim.qa.stepdefinitions.ApiSteps.response_field_should_be(java.lang.String,java.lang.String)
🔹 Field                : customerName
🔹 Expected Contains    : Asim
🔹 Actual               : Asim Basaran
✅ customerName contains doğrulandı
  And response field "customerName" should contain "Asim"                  # com.asim.qa.stepdefinitions.ApiSteps.response_field_should_contain(java.lang.String,java.lang.String)
🔹 Field                : items.name
🔹 Expected Value       : second item
🔹 Actual Values        : [first item, second item, third item]
✅ items.name array contains doğrulandı
  And response array "items.name" should contain "second item"             # com.asim.qa.stepdefinitions.ApiSteps.response_array_should_contain(java.lang.String,java.lang.String)
🔹 Field                : items.size()
🔹 Expected             : > 2
🔹 Actual               : 3
✅ Greater than doğrulandı
  And response field "items.size()" should be greater than "2"             # com.asim.qa.stepdefinitions.ApiSteps.response_field_should_be_greater_than(java.lang.String,java.lang.String)
🔹 Schema File          : schemas/create-post-schema.json
✅ JSON schema doğrulandı
  And response should match json schema "schemas/create-post-schema.json"  # com.asim.qa.stepdefinitions.ApiSteps.response_should_match_json_schema(java.lang.String)
]]></system-out>
  </testcase>
  <testcase name="runScenario[&quot;Generic GET request test&quot;, &quot;API Tests&quot;](8)" classname="com.asim.qa.runners.ApiTestRunner" time="0.017">
    <system-out><![CDATA[
@mock
Scenario: Generic GET request test              # src/test/resources/features/api/api.feature:101
🔹 Request State        : cleared before scenario

==================================================
🚀 Base URL
==================================================
🔹 URL                  : http://localhost:9090
  Given base url is configured                  # com.asim.qa.stepdefinitions.ApiSteps.base_url_is_configured()

==================================================
🚀 GET Request
==================================================
🔹 Endpoint             : /posts/1
🔹 Headers              : {Content-Type=application/json}
🔹 Status Code          : 200
🔹 Response Time        : 5 ms
--------------------------------------------------
{
    "id": 1,
    "userId": 99,
    "title": "mock server response updated",
    "body": "this response comes from wiremock"
}
--------------------------------------------------
  And user sends "GET" request to "/posts/1"    # com.asim.qa.stepdefinitions.ApiSteps.user_sends_request_to(java.lang.String,java.lang.String)
🔹 Field                : statusCode
🔹 Expected             : 200
🔹 Actual               : 200
✅ Status code doğrulandı
  Then response status code should be 200       # com.asim.qa.stepdefinitions.ApiSteps.response_status_code_should_be(java.lang.Integer)
🔹 Field                : id
🔹 Expected             : 1
🔹 Actual               : 1
✅ id doğrulandı
  And response field "id" should be "1"         # com.asim.qa.stepdefinitions.ApiSteps.response_field_should_be(java.lang.String,java.lang.String)
🔹 Field                : title
🔹 Expected             : NOT NULL
🔹 Actual               : mock server response updated
✅ title null değil
  And response field "title" should not be null # com.asim.qa.stepdefinitions.ApiSteps.response_field_should_not_be_null(java.lang.String)
]]></system-out>
  </testcase>
</testsuite>