<?xml version="1.0" encoding="UTF-8"?>
<!-- Generated by org.testng.reporters.JUnitReportReporter -->
<testsuite hostname="Asm-MacBook-Pro.local" failures="0" tests="8" name="com.asim.qa.runners.ApiTestRunner" time="1.014" errors="0" timestamp="2026-05-06T22:04:01 TRT" skipped="0">
  <testcase classname="com.asim.qa.runners.ApiTestRunner" name="runScenario" time="0.098"/>
  <testcase classname="com.asim.qa.runners.ApiTestRunner" name="runScenario" time="0.029"/>
  <testcase classname="com.asim.qa.runners.ApiTestRunner" name="runScenario" time="0.064"/>
  <testcase classname="com.asim.qa.runners.ApiTestRunner" name="runScenario" time="0.025"/>
  <testcase classname="com.asim.qa.runners.ApiTestRunner" name="runScenario" time="0.018"/>
  <testcase classname="com.asim.qa.runners.ApiTestRunner" name="runScenario" time="0.152"/>
  <testcase classname="com.asim.qa.runners.ApiTestRunner" name="runScenario" time="0.038"/>
  <testcase classname="com.asim.qa.runners.ApiTestRunner" name="runScenario" time="0.590"/>
</testsuite> <!-- com.asim.qa.runners.ApiTestRunner -->
